<?xml version="1.0" encoding="UTF-8"?>
<!-- Generated by org.testng.reporters.JUnitReportReporter -->
<testsuite hostname="LAPTOP-Q54Q2UO2" name="TestNGpkg.FirstTestNGFile" tests="1" failures="0" timestamp="2 Aug 2018 17:41:03 GMT" time="49.643" errors="0">
  <testcase name="f" time="49.643" classname="TestNGpkg.FirstTestNGFile"/>
</testsuite> <!-- TestNGpkg.FirstTestNGFile -->
